<?xml version="1.0" encoding="UTF-8"?>
<!-- Generated by org.testng.reporters.JUnitReportReporter -->
<testsuite hostname="delpyada356709" name="xeroTest" tests="2" failures="0" timestamp="3 Feb 2015 09:02:27 GMT" time="49.467" errors="0">
  <testcase name="login" time="7.817" classname="xeroTest"/>
  <testcase name="navigateToRepeatingTab" time="41.650" classname="xeroTest"/>
</testsuite> <!-- xeroTest -->
