<?xml version="1.0" encoding="UTF-8"?>
<!-- Generated by org.testng.reporters.JUnitReportReporter -->
<testsuite hostname="delpyada356709" name="com.xero.SampleAppUI.xeroTest" tests="2" failures="0" timestamp="3 Feb 2015 09:06:55 GMT" time="52.503" errors="0">
  <testcase name="login" time="10.178" classname="com.xero.SampleAppUI.xeroTest"/>
  <testcase name="navigateToRepeatingTab" time="42.325" classname="com.xero.SampleAppUI.xeroTest"/>
</testsuite> <!-- com.xero.SampleAppUI.xeroTest -->
